<?xml version="1.0" encoding="UTF-8"?>
<testng-results skipped="0" failed="0" total="1" passed="1">
  <reporter-output>
  </reporter-output>
  <suite name="Surefire suite" duration-ms="42818" started-at="2017-10-07T15:16:20Z" finished-at="2017-10-07T15:17:03Z">
    <groups>
      <group name="cucumber">
        <method signature="AbstractTestNGCucumberTests.feature(cucumber.api.testng.CucumberFeatureWrapper)[pri:0, instance:runner.TestRunner@7ac7a4e4]" name="feature" class="cucumber.api.testng.AbstractTestNGCucumberTests"/>
      </group> <!-- cucumber -->
    </groups>
    <test name="Surefire test" duration-ms="42818" started-at="2017-10-07T15:16:20Z" finished-at="2017-10-07T15:17:03Z">
      <class name="runner.TestRunner">
        <test-method status="PASS" signature="setUpClass()[pri:0, instance:runner.TestRunner@7ac7a4e4]" name="setUpClass" is-config="true" duration-ms="284" started-at="2017-10-07T11:16:20Z" finished-at="2017-10-07T11:16:20Z">
          <reporter-output>
          </reporter-output>
        </test-method> <!-- setUpClass -->
        <test-method status="PASS" signature="feature(cucumber.api.testng.CucumberFeatureWrapper)[pri:0, instance:runner.TestRunner@7ac7a4e4]" name="feature" duration-ms="42427" started-at="2017-10-07T11:16:20Z" description="Runs Cucumber Feature" data-provider="features" finished-at="2017-10-07T11:17:03Z">
          <params>
            <param index="0">
              <value>
                <![CDATA[Facebook Login]]>
              </value>
            </param>
          </params>
          <reporter-output>
          </reporter-output>
        </test-method> <!-- feature -->
        <test-method status="PASS" signature="tearDownClass()[pri:0, instance:runner.TestRunner@7ac7a4e4]" name="tearDownClass" is-config="true" duration-ms="8" started-at="2017-10-07T11:17:03Z" finished-at="2017-10-07T11:17:03Z">
          <reporter-output>
          </reporter-output>
        </test-method> <!-- tearDownClass -->
      </class> <!-- runner.TestRunner -->
    </test> <!-- Surefire test -->
  </suite> <!-- Surefire suite -->
</testng-results>
