<?xml version="1.0" encoding="UTF-8"?>
<testng-results skipped="0" failed="0" total="1" passed="1">
  <reporter-output>
  </reporter-output>
  <suite name="Surefire suite" duration-ms="6588" started-at="2018-05-23T00:58:18Z" finished-at="2018-05-23T00:58:25Z">
    <groups>
      <group name="cucumber">
        <method signature="AbstractTestNGCucumberTests.feature(cucumber.api.testng.CucumberFeatureWrapper)[pri:0, instance:runner.TestRunner@8bd1b6a]" name="feature" class="cucumber.api.testng.AbstractTestNGCucumberTests"/>
      </group> <!-- cucumber -->
    </groups>
    <test name="Surefire test" duration-ms="6588" started-at="2018-05-23T00:58:18Z" finished-at="2018-05-23T00:58:25Z">
      <class name="runner.TestRunner">
        <test-method status="PASS" signature="setUpClass()[pri:0, instance:runner.TestRunner@8bd1b6a]" name="setUpClass" is-config="true" duration-ms="449" started-at="2018-05-22T20:58:18Z" finished-at="2018-05-22T20:58:18Z">
          <reporter-output>
          </reporter-output>
        </test-method> <!-- setUpClass -->
        <test-method status="PASS" signature="feature(cucumber.api.testng.CucumberFeatureWrapper)[pri:0, instance:runner.TestRunner@8bd1b6a]" name="feature" duration-ms="5907" started-at="2018-05-22T20:58:19Z" description="Runs Cucumber Feature" data-provider="features" finished-at="2018-05-22T20:58:24Z">
          <params>
            <param index="0">
              <value>
                <![CDATA[API Testing]]>
              </value>
            </param>
          </params>
          <reporter-output>
          </reporter-output>
        </test-method> <!-- feature -->
        <test-method status="PASS" signature="tearDownClass()[pri:0, instance:runner.TestRunner@8bd1b6a]" name="tearDownClass" is-config="true" duration-ms="101" started-at="2018-05-22T20:58:24Z" finished-at="2018-05-22T20:58:25Z">
          <reporter-output>
          </reporter-output>
        </test-method> <!-- tearDownClass -->
      </class> <!-- runner.TestRunner -->
    </test> <!-- Surefire test -->
  </suite> <!-- Surefire suite -->
</testng-results>
